 EventID  |  Status | Request Time | End Time | Turnaround Time | Pad
______________________________________________________________________
	0		D		0		4		4		A
	1		L		2		4		2		B
	2		L		4		6		2		A
	3		L		6		8		2		B
	4		L		8		10		2		A
	5		L		12		14		2		A
	6		L		14		16		2		B
	7		L		16		18		2		A
	8		L		18		20		2		B
	9		D		18		28		10		A
	10		A		18		40		22		B
	11		L		20		22		2		A
	12		L		22		24		2		B
	13		D		22		33		11		A
	14		A		22		53		31		B
	15		L		24		27		3		B
	16		D		24		41		17		A
	17		A		24		65		41		B
	18		L		32		36		4		A
	19		D		32		60		28		A
	20		A		32		77		45		B
	21		L		34		44		10		A
	22		L		36		47		11		A
	23		D		36		74		38		A
	24		A		36		91		55		B
	25		L		40		50		10		A
	26		L		42		52		10		A
	27		L		48		55		7		A
	28		L		50		63		13		A
	29		L		52		66		14		A
	30		L		54		69		15		A
	31		D		54		79		25		A
	32		A		54		104		50		B
	33		L		58		81		23		A
	34		L		60		87		27		A
	35		L		62		90		28		A
	36		L		66		93		27		A
	37		L		68		95		27		A
	38		D		68		100		32		A
	39		A		68		120		52		B
	40		L		70		102		32		A
	41		D		70		117		47		A
	42		A		70		
	43		L		74		105		31		A
	44		L		76		107		31		B
	45		L		78		109		31		A
	46		L		80		112		32		A
	47		E		82		85		3		A
	48		E		82		85		3		B
	49		L		84		120		36		A
	50		L		86		
	51		L		90		
	52		L		92		
	53		L		94		
	54		D		94		
	55		A		94		
	56		L		96		
	57		L		98		
	58		L		102		
	59		L		108		
	60		L		110		
	61		L		112		
	62		D		112		
	63		A		112		
	64		L		114		
	65		L		116		
	66		L		120		
